<?xml version="1.0"?>

<project name="junit-test" basedir="." default="outputTests">
  <property name="showoutput" value="false" />
  <path id="test">
    <pathelement path="${java.class.path}" />
    <pathelement location="../../../../../build/testcases" />
  </path>

  <target name="cleanup">
    <delete file="testlog.txt"/>
    <delete dir="out"/>
  </target>

  <target name="testForkedOutput">
    <junit fork="yes" haltonerror="true" haltonfailure="true" 
           showoutput="${showoutput}">
      <test name="org.example.junit.Output" />
      <classpath refid="test" />
    </junit>
  </target>

  <target name="testNonForkedOutput">
    <junit fork="false" haltonerror="true" haltonfailure="true"
           showoutput="${showoutput}">
      <test name="org.example.junit.Output" />
      <classpath refid="test" />
    </junit>
  </target>

  <target name="testForkedThreadedOutput">
    <junit fork="yes" haltonerror="true" haltonfailure="true"
           showoutput="${showoutput}">
      <test name="org.example.junit.ThreadedOutput" />
      <classpath refid="test" />
    </junit>
  </target>

  <target name="testNonForkedThreadedOutput">
    <junit fork="false" haltonerror="true" haltonfailure="true"
           showoutput="${showoutput}">
      <test name="org.example.junit.ThreadedOutput" />
      <classpath refid="test" />
    </junit>
  </target>

  <target name="outputTests" 
          depends="testForkedOutput,testNonForkedOutput,testForkedThreadedOutput,testNonForkedThreadedOutput" />

  <target name="crash">
    <junit fork="true" errorproperty="crashed">
      <test name="org.apache.tools.ant.taskdefs.optional.junit.VmCrash"/>
      <classpath refid="test" />
    </junit>
  </target>

  <target name="nocrash">
    <junit fork="true" errorproperty="crashed">
      <test name="org.apache.tools.ant.taskdefs.optional.junit.NoVmCrash"/>
      <classpath refid="test" />
    </junit>
  </target>

  <target name="timeout">
    <junit fork="true" errorproperty="timeout" timeout="1000">
      <test name="org.apache.tools.ant.taskdefs.optional.junit.Sleeper"/>
      <classpath refid="test" />
    </junit>
  </target>

  <target name="notimeout">
    <junit fork="true" errorproperty="timeout" timeout="15000">
      <test name="org.apache.tools.ant.taskdefs.optional.junit.Sleeper"/>
      <classpath refid="test" />
    </junit>
  </target>

  <target name="capture">
    <property name="fork" value="false"/>
    <junit fork="${fork}">
      <test
        name="org.apache.tools.ant.taskdefs.optional.junit.Printer"
        outfile="testlog"/>
      <formatter type="plain"/>
      <classpath refid="test"/>
    </junit>
  </target>

  <target name="captureToSummary">
    <property name="fork" value="true"/>
    <junit fork="${fork}" printSummary="withOutAndErr">
      <test name="org.apache.tools.ant.taskdefs.optional.junit.Printer"/>
      <classpath refid="test"/>
    </junit>
  </target>

  <target name="testBatchTestForkOnceToDir">
    <mkdir dir="out"/>
    <junit fork="true" forkmode="once">
      <formatter type="xml"/>
      <classpath refid="test"/>
      <batchtest todir="out">
        <fileset dir="../../../../tests/junit">
          <include
            name="org/apache/tools/ant/taskdefs/optional/junit/*Test.java"/>
          <exclude name="**/JUnitTaskTest.java"/>
          <exclude name="**/JUnitReportTest.java"/>
        </fileset>
      </batchtest>
    </junit>
  </target>

  <!-- Bugzilla Report 32973 -->
  <target name="testBatchTestForkOnceExtension">
    <mkdir dir="out"/>
    <junit fork="true" forkmode="once">
      <formatter type="xml" extension=".foo"/>
      <classpath refid="test"/>
      <batchtest todir="out">
        <fileset dir="../../../../tests/junit">
          <include
            name="org/apache/tools/ant/taskdefs/optional/junit/*Test.java"/>
          <exclude name="**/JUnitTaskTest.java"/>
          <exclude name="**/JUnitReportTest.java"/>
        </fileset>
      </batchtest>
    </junit>
  </target>

  <target name="testBatchTestForkOnceCustomFormatter">
    <mkdir dir="out"/>
    <junit fork="true" forkmode="once">
      <formatter extension="foo"
        classname="org.apache.tools.ant.taskdefs.optional.junit.TestFormatter"/>
      <classpath refid="test"/>
      <batchtest todir="out">
        <fileset dir="../../../../tests/junit">
          <include
            name="org/apache/tools/ant/taskdefs/optional/junit/*Test.java"/>
          <exclude name="**/JUnitTaskTest.java"/>
          <exclude name="**/JUnitReportTest.java"/>
        </fileset>
      </batchtest>
    </junit>
  </target>

  <target name="failureRecorder.prepare">
    <property name="tmp.dir" value="out"/>
    <mkdir dir="${tmp.dir}/org"/>
    <echo file="${tmp.dir}/A.java">
        import junit.framework.*;
        public class A extends TestCase {
            public A(String s) { super(s); }
            public void test01() { System.out.println("A.test01"); }
            public void test02() { System.out.println("A.test02"); fail(); }
            public void test03() { System.out.println("A.test03"); fail(); }
      }
    </echo>
    <echo file="${tmp.dir}/B.java">
        import junit.framework.*;
        public class B extends TestCase {
            public B(String s) { super(s); }
            public void test04() { System.out.println("B.test04"); fail(); }
            public void test05() { System.out.println("B.test05"); }
            public void test06() { System.out.println("B.test06"); }
        }
    </echo>
    <echo file="${tmp.dir}/C.java">
        import junit.framework.*;
        public class C extends TestCase {
            public C(String s) { super(s); }
            public void test07() { System.out.println("C.test07"); }
            public void test08() { System.out.println("C.test08"); }
            public void test09() { System.out.println("C.test09"); }
        }
    </echo>
    <echo file="${tmp.dir}/org/D.java">
    	package org;
        import junit.framework.*;
        public class D extends TestCase {
            public D(String s) { super(s); }
            public void test10() { System.out.println("D.test10"); fail(); }
        }
    </echo>
    <javac srcdir="${tmp.dir}" destdir="${tmp.dir}"/>
  </target>

  <target name="failureRecorder.internal">  
    <property name="tmp.dir" value="out"/>
    <!-- 
    <delete>
      <fileset dir="${tmp.dir}" includes="FailedTests*.class"/>
    </delete>
     -->
    <!-- compile the FailedTests class if present --> 
    <javac srcdir="${tmp.dir}" destdir="${tmp.dir}"/>
    <available file="${tmp.dir}/FailedTests.class" property="hasFailingTests"/>
    <junit haltonerror="false" haltonfailure="false">
      <sysproperty key="ant.junit.failureCollector" value="${tmp.dir}/FailedTests"/>
      <classpath>
        <pathelement location="${tmp.dir}"/>
      </classpath>
      <batchtest todir="${tmp.dir}" unless="hasFailingTests">
        <fileset dir="${tmp.dir}" includes="**/*.java" excludes="**/FailedTests.*"/>
        <!-- for initial creation of the FailingTests.java -->
        <formatter type="failure"/>
        <!-- I want to see something ... -->
        <formatter type="plain" usefile="false"/>
      </batchtest>
      <test name="FailedTests" if="hasFailingTests">
      	<!-- update the FailingTests.java -->
        <formatter type="failure"/>
        <!-- again, I want to see something -->
        <formatter type="plain" usefile="false"/>
      </test>
    </junit>
  </target>
  
  <target name="failureRecorder.runtest">
  	<ant target="failureRecorder.internal" antfile="junit.xml" inheritAll="false"/>
  </target>
  
  <target name="failureRecorder.fixing">
    <property name="tmp.dir" value="out"/>
    <echo file="${tmp.dir}/A.java">
        import junit.framework.*;
        public class A extends TestCase {
            public A(String s) { super(s); }
            public void test01() { System.out.println("A.test01"); }
            public void test02() { System.out.println("A.test02"); }
            public void test03() { System.out.println("A.test03"); }
      }
    </echo>
  </target>

</project>