<?xml version="1.0"?>
<!--
  Licensed to the Apache Software Foundation (ASF) under one or more
  contributor license agreements.  See the NOTICE file distributed with
  this work for additional information regarding copyright ownership.
  The ASF licenses this file to You under the Apache License, Version 2.0
  (the "License"); you may not use this file except in compliance with
  the License.  You may obtain a copy of the License at

      http://www.apache.org/licenses/LICENSE-2.0

  Unless required by applicable law or agreed to in writing, software
  distributed under the License is distributed on an "AS IS" BASIS,
  WITHOUT WARRANTIES OR CONDITIONS OF ANY KIND, either express or implied.
  See the License for the specific language governing permissions and
  limitations under the License.
-->
<project default="antunit" xmlns:au="antlib:org.apache.ant.antunit">
  <import file="../../../antunit-base.xml" />

  <path id="junit">
    <fileset dir="../../../../../../lib/optional" includes="junit*"/>
  </path>

  <macrodef name="empty-test">
    <attribute name="classname"/>
    <sequential>
      <echo file="${input}/@{classname}.java"><![CDATA[
package test;
import junit.framework.TestCase;

public class @{classname} extends TestCase {
    public void testEmpty() {}
}
]]>  </echo>
    </sequential>
  </macrodef>

  <target name="testTimeoutLogOfBatchTests">
    <mkdir dir="${input}"/>
    <mkdir dir="${output}"/>
    <empty-test classname="ATest"/>
      <echo file="${input}/BTest.java"><![CDATA[
package test;
import junit.framework.TestCase;

public class BTest extends TestCase {
    public void testEmpty() throws Exception {
        Thread.sleep(20 * 1000);
    }
}
]]>  </echo>
    <empty-test classname="CTest"/>
    <empty-test classname="DTest"/>
    <javac srcdir="${input}" destdir="${output}">
      <classpath refid="junit"/>
    </javac>
    <junit fork="true" forkMode="perBatch" timeout="5000" printsummary="yes">
      <classpath refid="junit"/>
      <classpath location="${output}"/>
      <batchtest>
        <fileset dir="${output}">
          <include name="**/*Test.class" />
        </fileset>
      </batchtest>
    </junit>
    <au:assertLogContains text="ATest"/>
    <au:assertLogContains text="BTest"/>
    <au:assertLogDoesntContain text="CTest"/>
    <au:assertLogDoesntContain text="DTest"/>
  </target>

  <target name="testFailurePropertyOnTestCase">
    <mkdir dir="${input}"/>
    <mkdir dir="${output}"/>
    <echo file="${input}/ATest.java"><![CDATA[
package test;
import junit.framework.TestCase;

public class ATest extends TestCase {
    public void testFail() {
        assertTrue(false);
    }
}
]]>  </echo>
    <javac srcdir="${input}" destdir="${output}">
      <classpath refid="junit"/>
    </javac>
    <junit failureProperty="testcase.failed" haltonfailure="false">
      <classpath refid="junit"/>
      <classpath location="${output}"/>
      <batchtest>
        <fileset dir="${output}">
          <include name="**/*Test.class" />
        </fileset>
      </batchtest>
    </junit>
    <au:assertPropertySet name="testcase.failed"/>
  </target>

  <target name="testFailurePropertyOnTestSuite">
    <mkdir dir="${input}"/>
    <mkdir dir="${output}"/>
    <echo file="${input}/ATest.java"><![CDATA[
package test;
import junit.framework.Assert;
import junit.framework.TestSuite;

public class ATest extends TestSuite {
    public ATest() {
        super(test.ATest.class);
    }
    public void testFail() {
        Assert.assertTrue(false);
    }
}
]]>  </echo>
    <javac srcdir="${input}" destdir="${output}">
      <classpath refid="junit"/>
    </javac>
    <junit failureProperty="testsuite.failed" haltonfailure="false">
      <classpath refid="junit"/>
      <classpath location="${output}"/>
      <batchtest>
        <fileset dir="${output}">
          <include name="**/*Test.class" />
        </fileset>
      </batchtest>
    </junit>
    <au:assertPropertySet name="testsuite.failed"/>
  </target>
</project>
